<?xml version="1.0" encoding="UTF-8"?>
<!-- Generated by org.testng.reporters.JUnitXMLReporter -->
<testsuite hostname="DESKTOP-QO6LLN3" ignored="0" name="Command line test" tests="11" failures="0" timestamp="13 Dec 2016 14:47:59 GMT" time="313.387" errors="0">
  <testcase name="f" time="14.547" classname="tests.CommercialTest"/>
  <testcase name="f" time="12.22" classname="tests.DrawMapSaleTest"/>
  <testcase name="f" time="9.292" classname="tests.EstateAgentSaleTest"/>
  <testcase name="f" time="36.144" classname="tests.HomeTest"/>
  <testcase name="f" time="10.019" classname="tests.LoginTest"/>
  <testcase name="f" time="7.106" classname="tests.NewHomesForSaleTest"/>
  <testcase name="f" time="41.448" classname="tests.OverseasSaleTest"/>
  <testcase name="f" time="11.035" classname="tests.ProForSaleTest"/>
  <testcase name="f" time="11.613" classname="tests.RegTest"/>
  <testcase name="f" time="16.967" classname="tests.ToRentTest"/>
  <testcase name="f" time="12.331" classname="tests.TravelTimeSaleTest"/>
</testsuite> <!-- Command line test -->
