<?xml version="1.0" encoding="UTF-8"?>
<testng-results skipped="0" failed="0" ignored="0" total="1" passed="1">
  <reporter-output>
  </reporter-output>
  <suite name="Default suite" duration-ms="30801" started-at="2016-12-09T07:26:07Z" finished-at="2016-12-09T07:26:38Z">
    <groups>
    </groups>
    <test name="Default test" duration-ms="30801" started-at="2016-12-09T07:26:07Z" finished-at="2016-12-09T07:26:38Z">
      <class name="tests.CommercialTest">
        <test-method status="PASS" signature="beforeTest()[pri:0, instance:tests.CommercialTest@8bd1b6a]" name="beforeTest" is-config="true" duration-ms="10060" started-at="2016-12-09T12:56:07Z" finished-at="2016-12-09T12:56:17Z">
          <reporter-output>
          </reporter-output>
        </test-method> <!-- beforeTest -->
        <test-method status="PASS" signature="f()[pri:0, instance:tests.CommercialTest@8bd1b6a]" name="f" duration-ms="19122" started-at="2016-12-09T12:56:17Z" finished-at="2016-12-09T12:56:36Z">
          <reporter-output>
          </reporter-output>
        </test-method> <!-- f -->
        <test-method status="PASS" signature="afterTest()[pri:0, instance:tests.CommercialTest@8bd1b6a]" name="afterTest" is-config="true" duration-ms="1591" started-at="2016-12-09T12:56:36Z" finished-at="2016-12-09T12:56:38Z">
          <reporter-output>
          </reporter-output>
        </test-method> <!-- afterTest -->
      </class> <!-- tests.CommercialTest -->
    </test> <!-- Default test -->
  </suite> <!-- Default suite -->
</testng-results>
